(trading_env) enzo@iMac-de-Lionel ~ % pip3 install opencv-python
Collecting opencv-python
  Downloading opencv-python-4.11.0.86.tar.gz (95.2 MB)
     |████████████████████████████████| 95.2 MB 65.1 MB/s 
  Installing build dependencies ... done
  Getting requirements to build wheel ... done
    Preparing wheel metadata ... done
Requirement already satisfied: numpy>=1.19.3 in ./trading_env/lib/python3.9/site-packages (from opencv-python) (1.26.4)
Building wheels for collected packages: opencv-python
  Building wheel for opencv-python (PEP 517) ... error
  ERROR: Command errored out with exit status 1:
   command: /Users/enzo/trading_env/bin/python3 /Users/enzo/trading_env/lib/python3.9/site-packages/pip/_vendor/pep517/in_process/_in_process.py build_wheel /var/folders/vs/n_g42tl14gv5gzsnhlz7znnr0000gp/T/tmpgzlmpsq6
       cwd: /private/var/folders/vs/n_g42tl14gv5gzsnhlz7znnr0000gp/T/pip-install-k047qg0h/opencv-python_a299438e84c147909ea8550d42c3e427
  Complete output (969 lines):
  
  
  --------------------------------------------------------------------------------
  -- Trying 'Ninja' generator
  --------------------------------
  ---------------------------
  ----------------------
  -----------------
  ------------
  -------
  --
  CMake Error: CMake was unable to find a build program corresponding to "Ninja".  CMAKE_MAKE_PROGRAM is not set.  You probably need to select a different build tool.Not searching for unused variables given on the command line.
  
  -- Configuring incomplete, errors occurred!
  --
  -------
  ------------
  -----------------
  ----------------------
  ---------------------------
  --------------------------------
  -- Trying 'Ninja' generator - failure
  --------------------------------------------------------------------------------
  
  
  
  --------------------------------------------------------------------------------
  -- Trying 'Unix Makefiles' generator
  --------------------------------
  ---------------------------
  ----------------------
  -----------------
  ------------
  -------
  --
  Not searching for unused variables given on the command line.
  -- The C compiler identification is AppleClang 16.0.0.16000026
  -- Detecting C compiler ABI info
  -- Detecting C compiler ABI info - done
  -- Check for working C compiler: /Library/Developer/CommandLineTools/usr/bin/cc - skipped
  -- Detecting C compile features
  -- Detecting C compile features - done
  -- The CXX compiler identification is AppleClang 16.0.0.16000026
  -- Detecting CXX compiler ABI info
  -- Detecting CXX compiler ABI info - done
  -- Check for working CXX compiler: /Library/Developer/CommandLineTools/usr/bin/c++ - skipped
  -- Detecting CXX compile features
  -- Detecting CXX compile features - done
  -- Configuring done (2.3s)
  -- Generating done (0.0s)
  -- Build files have been written to: /private/var/folders/vs/n_g42tl14gv5gzsnhlz7znnr0000gp/T/pip-install-k047qg0h/opencv-python_a299438e84c147909ea8550d42c3e427/_cmake_test_compile/build
  --
  -------
  ------------
  -----------------
  ----------------------
  ---------------------------
  --------------------------------
  -- Trying 'Unix Makefiles' generator - success
  --------------------------------------------------------------------------------
  
  Configuring Project
    Working directory:
      /private/var/folders/vs/n_g42tl14gv5gzsnhlz7znnr0000gp/T/pip-install-k047qg0h/opencv-python_a299438e84c147909ea8550d42c3e427/_skbuild/macosx-10.16-x86_64-3.9/cmake-build
    Command:
      /usr/local/bin/cmake /private/var/folders/vs/n_g42tl14gv5gzsnhlz7znnr0000gp/T/pip-install-k047qg0h/opencv-python_a299438e84c147909ea8550d42c3e427/opencv -G 'Unix Makefiles' --no-warn-unused-cli -DCMAKE_INSTALL_PREFIX:PATH=/private/var/folders/vs/n_g42tl14gv5gzsnhlz7znnr0000gp/T/pip-install-k047qg0h/opencv-python_a299438e84c147909ea8550d42c3e427/_skbuild/macosx-10.16-x86_64-3.9/cmake-install -DPYTHON_VERSION_STRING:STRING=3.9.7 -DSKBUILD:INTERNAL=TRUE -DCMAKE_MODULE_PATH:PATH=/private/var/folders/vs/n_g42tl14gv5gzsnhlz7znnr0000gp/T/pip-build-env-785s_dn4/overlay/lib/python3.9/site-packages/skbuild/resources/cmake -DPYTHON_EXECUTABLE:PATH=/Users/enzo/trading_env/bin/python3 -DPYTHON_INCLUDE_DIR:PATH=/Library/Frameworks/Python.framework/Versions/3.9/include/python3.9 -DPYTHON_LIBRARY:PATH=/Library/Frameworks/Python.framework/Versions/3.9/lib/libpython3.9.dylib -DPython_EXECUTABLE:PATH=/Users/enzo/trading_env/bin/python3 -DPython_ROOT_DIR:PATH=/Users/enzo/trading_env -DPython_FIND_REGISTRY:STRING=NEVER -DPython_INCLUDE_DIR:PATH=/Library/Frameworks/Python.framework/Versions/3.9/include/python3.9 -DPython_NumPy_INCLUDE_DIRS:PATH=/private/var/folders/vs/n_g42tl14gv5gzsnhlz7znnr0000gp/T/pip-build-env-785s_dn4/overlay/lib/python3.9/site-packages/numpy/_core/include -DPython3_EXECUTABLE:PATH=/Users/enzo/trading_env/bin/python3 -DPython3_ROOT_DIR:PATH=/Users/enzo/trading_env -DPython3_FIND_REGISTRY:STRING=NEVER -DPython3_INCLUDE_DIR:PATH=/Library/Frameworks/Python.framework/Versions/3.9/include/python3.9 -DPython3_NumPy_INCLUDE_DIRS:PATH=/private/var/folders/vs/n_g42tl14gv5gzsnhlz7znnr0000gp/T/pip-build-env-785s_dn4/overlay/lib/python3.9/site-packages/numpy/_core/include -DPYTHON3_EXECUTABLE=/Users/enzo/trading_env/bin/python3 -DPYTHON_DEFAULT_EXECUTABLE=/Users/enzo/trading_env/bin/python3 -DPYTHON3_INCLUDE_DIR=/Library/Frameworks/Python.framework/Versions/3.9/include/python3.9 -DPYTHON3_LIBRARY=/Library/Frameworks/Python.framework/Versions/3.9/lib/libpython3.9.dylib -DBUILD_opencv_python3=ON -DBUILD_opencv_python2=OFF -DBUILD_opencv_java=OFF -DOPENCV_PYTHON3_INSTALL_PATH=python -DINSTALL_CREATE_DISTRIB=ON -DBUILD_opencv_apps=OFF -DBUILD_opencv_freetype=OFF -DBUILD_SHARED_LIBS=OFF -DBUILD_TESTS=OFF -DBUILD_PERF_TESTS=OFF -DBUILD_DOCS=OFF -DPYTHON3_LIMITED_API=ON -DBUILD_OPENEXR=ON -DCMAKE_OSX_DEPLOYMENT_TARGET:STRING=10.16 -DCMAKE_OSX_ARCHITECTURES:STRING=x86_64 -DCMAKE_BUILD_TYPE:STRING=Release
  
  Not searching for unused variables given on the command line.
  -- The CXX compiler identification is AppleClang 16.0.0.16000026
  -- The C compiler identification is AppleClang 16.0.0.16000026
  -- Detecting CXX compiler ABI info
  -- Detecting CXX compiler ABI info - done
  -- Check for working CXX compiler: /Library/Developer/CommandLineTools/usr/bin/c++ - skipped
  -- Detecting CXX compile features
  -- Detecting CXX compile features - done
  -- Detecting C compiler ABI info
  -- Detecting C compiler ABI info - done
  -- Check for working C compiler: /Library/Developer/CommandLineTools/usr/bin/cc - skipped
  -- Detecting C compile features
  -- Detecting C compile features - done
  -- ocv_init_download: OpenCV source tree is not fetched as git repository. 3rdparty resources will be downloaded from github.com by default.
  -- Detected processor: x86_64
  -- Found PythonInterp: /Users/enzo/trading_env/bin/python3 (found suitable version "3.9.7", minimum required is "3.2")
  -- Found PythonLibs: /Library/Frameworks/Python.framework/Versions/3.9/lib/libpython3.9.dylib (found suitable exact version "3.9.7")
  -- Looking for ccache - not found
  -- Performing Test HAVE_CXX_FSIGNED_CHAR
  -- Performing Test HAVE_CXX_FSIGNED_CHAR - Success
  -- Performing Test HAVE_C_FSIGNED_CHAR
  -- Performing Test HAVE_C_FSIGNED_CHAR - Success
  -- Performing Test HAVE_CXX_W
  -- Performing Test HAVE_CXX_W - Success
  -- Performing Test HAVE_C_W
  -- Performing Test HAVE_C_W - Success
  -- Performing Test HAVE_CXX_WALL
  -- Performing Test HAVE_CXX_WALL - Success
  -- Performing Test HAVE_C_WALL
  -- Performing Test HAVE_C_WALL - Success
  -- Performing Test HAVE_CXX_WRETURN_TYPE
  -- Performing Test HAVE_CXX_WRETURN_TYPE - Success
  -- Performing Test HAVE_C_WRETURN_TYPE
  -- Performing Test HAVE_C_WRETURN_TYPE - Success
  -- Performing Test HAVE_CXX_WNON_VIRTUAL_DTOR
  -- Performing Test HAVE_CXX_WNON_VIRTUAL_DTOR - Success
  -- Performing Test HAVE_C_WNON_VIRTUAL_DTOR
  -- Performing Test HAVE_C_WNON_VIRTUAL_DTOR - Success
  -- Performing Test HAVE_CXX_WADDRESS
  -- Performing Test HAVE_CXX_WADDRESS - Success
  -- Performing Test HAVE_C_WADDRESS
  -- Performing Test HAVE_C_WADDRESS - Success
  -- Performing Test HAVE_CXX_WSEQUENCE_POINT
  -- Performing Test HAVE_CXX_WSEQUENCE_POINT - Success
  -- Performing Test HAVE_C_WSEQUENCE_POINT
  -- Performing Test HAVE_C_WSEQUENCE_POINT - Success
  -- Performing Test HAVE_CXX_WFORMAT
  -- Performing Test HAVE_CXX_WFORMAT - Success
  -- Performing Test HAVE_C_WFORMAT
  -- Performing Test HAVE_C_WFORMAT - Success
  -- Performing Test HAVE_CXX_WFORMAT_SECURITY
  -- Performing Test HAVE_CXX_WFORMAT_SECURITY - Success
  -- Performing Test HAVE_C_WFORMAT_SECURITY
  -- Performing Test HAVE_C_WFORMAT_SECURITY - Success
  -- Performing Test HAVE_CXX_WMISSING_DECLARATIONS
  -- Performing Test HAVE_CXX_WMISSING_DECLARATIONS - Success
  -- Performing Test HAVE_C_WMISSING_DECLARATIONS
  -- Performing Test HAVE_C_WMISSING_DECLARATIONS - Success
  -- Performing Test HAVE_CXX_WMISSING_PROTOTYPES
  -- Performing Test HAVE_CXX_WMISSING_PROTOTYPES - Success
  -- Performing Test HAVE_C_WMISSING_PROTOTYPES
  -- Performing Test HAVE_C_WMISSING_PROTOTYPES - Success
  -- Performing Test HAVE_CXX_WSTRICT_PROTOTYPES
  -- Performing Test HAVE_CXX_WSTRICT_PROTOTYPES - Success
  -- Performing Test HAVE_C_WSTRICT_PROTOTYPES
  -- Performing Test HAVE_C_WSTRICT_PROTOTYPES - Success
  -- Performing Test HAVE_CXX_WUNDEF
  -- Performing Test HAVE_CXX_WUNDEF - Success
  -- Performing Test HAVE_C_WUNDEF
  -- Performing Test HAVE_C_WUNDEF - Success
  -- Performing Test HAVE_CXX_WINIT_SELF
  -- Performing Test HAVE_CXX_WINIT_SELF - Success
  -- Performing Test HAVE_C_WINIT_SELF
  -- Performing Test HAVE_C_WINIT_SELF - Success
  -- Performing Test HAVE_CXX_WPOINTER_ARITH
  -- Performing Test HAVE_CXX_WPOINTER_ARITH - Success
  -- Performing Test HAVE_C_WPOINTER_ARITH
  -- Performing Test HAVE_C_WPOINTER_ARITH - Success
  -- Performing Test HAVE_CXX_WSHADOW
  -- Performing Test HAVE_CXX_WSHADOW - Success
  -- Performing Test HAVE_C_WSHADOW
  -- Performing Test HAVE_C_WSHADOW - Success
  -- Performing Test HAVE_CXX_WSIGN_PROMO
  -- Performing Test HAVE_CXX_WSIGN_PROMO - Success
  -- Performing Test HAVE_C_WSIGN_PROMO
  -- Performing Test HAVE_C_WSIGN_PROMO - Success
  -- Performing Test HAVE_CXX_WUNINITIALIZED
  -- Performing Test HAVE_CXX_WUNINITIALIZED - Success
  -- Performing Test HAVE_C_WUNINITIALIZED
  -- Performing Test HAVE_C_WUNINITIALIZED - Success
  -- Performing Test HAVE_CXX_WNO_DELETE_NON_VIRTUAL_DTOR
  -- Performing Test HAVE_CXX_WNO_DELETE_NON_VIRTUAL_DTOR - Success
  -- Performing Test HAVE_C_WNO_DELETE_NON_VIRTUAL_DTOR
  -- Performing Test HAVE_C_WNO_DELETE_NON_VIRTUAL_DTOR - Success
  -- Performing Test HAVE_CXX_WNO_UNNAMED_TYPE_TEMPLATE_ARGS
  -- Performing Test HAVE_CXX_WNO_UNNAMED_TYPE_TEMPLATE_ARGS - Success
  -- Performing Test HAVE_C_WNO_UNNAMED_TYPE_TEMPLATE_ARGS
  -- Performing Test HAVE_C_WNO_UNNAMED_TYPE_TEMPLATE_ARGS - Success
  -- Performing Test HAVE_CXX_WNO_COMMENT
  -- Performing Test HAVE_CXX_WNO_COMMENT - Success
  -- Performing Test HAVE_C_WNO_COMMENT
  -- Performing Test HAVE_C_WNO_COMMENT - Success
  -- Performing Test HAVE_CXX_FDIAGNOSTICS_SHOW_OPTION
  -- Performing Test HAVE_CXX_FDIAGNOSTICS_SHOW_OPTION - Success
  -- Performing Test HAVE_C_FDIAGNOSTICS_SHOW_OPTION
  -- Performing Test HAVE_C_FDIAGNOSTICS_SHOW_OPTION - Success
  -- Performing Test HAVE_CXX_QUNUSED_ARGUMENTS
  -- Performing Test HAVE_CXX_QUNUSED_ARGUMENTS - Success
  -- Performing Test HAVE_C_QUNUSED_ARGUMENTS
  -- Performing Test HAVE_C_QUNUSED_ARGUMENTS - Success
  -- Performing Test HAVE_CXX_WNO_SEMICOLON_BEFORE_METHOD_BODY
  -- Performing Test HAVE_CXX_WNO_SEMICOLON_BEFORE_METHOD_BODY - Success
  -- Performing Test HAVE_C_WNO_SEMICOLON_BEFORE_METHOD_BODY
  -- Performing Test HAVE_C_WNO_SEMICOLON_BEFORE_METHOD_BODY - Success
  -- Performing Test HAVE_CXX_FFUNCTION_SECTIONS
  -- Performing Test HAVE_CXX_FFUNCTION_SECTIONS - Success
  -- Performing Test HAVE_C_FFUNCTION_SECTIONS
  -- Performing Test HAVE_C_FFUNCTION_SECTIONS - Success
  -- Performing Test HAVE_CXX_FDATA_SECTIONS
  -- Performing Test HAVE_CXX_FDATA_SECTIONS - Success
  -- Performing Test HAVE_C_FDATA_SECTIONS
  -- Performing Test HAVE_C_FDATA_SECTIONS - Success
  -- Performing Test HAVE_CPU_SSE_SUPPORT (check file: cmake/checks/cpu_sse.cpp)
  -- Performing Test HAVE_CPU_SSE_SUPPORT - Success
  -- Performing Test HAVE_CPU_SSE2_SUPPORT (check file: cmake/checks/cpu_sse2.cpp)
  -- Performing Test HAVE_CPU_SSE2_SUPPORT - Success
  -- Performing Test HAVE_CPU_SSE3_SUPPORT (check file: cmake/checks/cpu_sse3.cpp)
  -- Performing Test HAVE_CPU_SSE3_SUPPORT - Success
  -- Performing Test HAVE_CPU_SSSE3_SUPPORT (check file: cmake/checks/cpu_ssse3.cpp)
  -- Performing Test HAVE_CPU_SSSE3_SUPPORT - Success
  -- Performing Test HAVE_CPU_SSE4_1_SUPPORT (check file: cmake/checks/cpu_sse41.cpp)
  -- Performing Test HAVE_CPU_SSE4_1_SUPPORT - Success
  -- Performing Test HAVE_CPU_POPCNT_SUPPORT (check file: cmake/checks/cpu_popcnt.cpp)
  -- Performing Test HAVE_CPU_POPCNT_SUPPORT - Failed
  -- Performing Test HAVE_CXX_MPOPCNT (check file: cmake/checks/cpu_popcnt.cpp)
  -- Performing Test HAVE_CXX_MPOPCNT - Success
  -- Performing Test HAVE_CPU_SSE4_2_SUPPORT (check file: cmake/checks/cpu_sse42.cpp)
  -- Performing Test HAVE_CPU_SSE4_2_SUPPORT - Failed
  -- Performing Test HAVE_CXX_MSSE4_2 (check file: cmake/checks/cpu_sse42.cpp)
  -- Performing Test HAVE_CXX_MSSE4_2 - Success
  -- Performing Test HAVE_CPU_AVX_SUPPORT (check file: cmake/checks/cpu_avx.cpp)
  -- Performing Test HAVE_CPU_AVX_SUPPORT - Failed
  -- Performing Test HAVE_CXX_MAVX (check file: cmake/checks/cpu_avx.cpp)
  -- Performing Test HAVE_CXX_MAVX - Success
  -- Performing Test HAVE_CPU_FP16_SUPPORT (check file: cmake/checks/cpu_fp16.cpp)
  -- Performing Test HAVE_CPU_FP16_SUPPORT - Failed
  -- Performing Test HAVE_CXX_MF16C (check file: cmake/checks/cpu_fp16.cpp)
  -- Performing Test HAVE_CXX_MF16C - Success
  -- Performing Test HAVE_CPU_AVX2_SUPPORT (check file: cmake/checks/cpu_avx2.cpp)
  -- Performing Test HAVE_CPU_AVX2_SUPPORT - Failed
  -- Performing Test HAVE_CXX_MAVX2 (check file: cmake/checks/cpu_avx2.cpp)
  -- Performing Test HAVE_CXX_MAVX2 - Success
  -- Performing Test HAVE_CXX_MFMA
  -- Performing Test HAVE_CXX_MFMA - Success
  -- Performing Test HAVE_CPU_AVX_512F_SUPPORT (check file: cmake/checks/cpu_avx512.cpp)
  -- Performing Test HAVE_CPU_AVX_512F_SUPPORT - Failed
  -- Performing Test HAVE_CXX_MAVX512F (check file: cmake/checks/cpu_avx512.cpp)
  -- Performing Test HAVE_CXX_MAVX512F - Success
  -- Performing Test HAVE_CPU_AVX512_COMMON_SUPPORT (check file: cmake/checks/cpu_avx512common.cpp)
  -- Performing Test HAVE_CPU_AVX512_COMMON_SUPPORT - Failed
  -- Performing Test HAVE_CXX_MAVX512F_MAVX512CD (check file: cmake/checks/cpu_avx512common.cpp)
  -- Performing Test HAVE_CXX_MAVX512F_MAVX512CD - Success
  -- Performing Test HAVE_CPU_AVX512_KNL_SUPPORT (check file: cmake/checks/cpu_avx512knl.cpp)
  -- Performing Test HAVE_CPU_AVX512_KNL_SUPPORT - Failed
  -- Performing Test HAVE_CXX_MAVX512F_MAVX512CD_MAVX512ER_MAVX512PF (check file: cmake/checks/cpu_avx512knl.cpp)
  -- Performing Test HAVE_CXX_MAVX512F_MAVX512CD_MAVX512ER_MAVX512PF - Success
  -- Performing Test HAVE_CPU_AVX512_KNM_SUPPORT (check file: cmake/checks/cpu_avx512knm.cpp)
  -- Performing Test HAVE_CPU_AVX512_KNM_SUPPORT - Failed
  -- Performing Test HAVE_CXX_MAVX512F_MAVX512CD_MAVX512ER_MAVX512PF_MAVX5124FMAPS_MAVX5124VNNIW_MAVX512VPOPCNTDQ (check file: cmake/checks/cpu_avx512knm.cpp)
  -- Performing Test HAVE_CXX_MAVX512F_MAVX512CD_MAVX512ER_MAVX512PF_MAVX5124FMAPS_MAVX5124VNNIW_MAVX512VPOPCNTDQ - Failed
  -- AVX512_KNM is not supported by C++ compiler
  -- Performing Test HAVE_CPU_AVX512_SKX_SUPPORT (check file: cmake/checks/cpu_avx512skx.cpp)
  -- Performing Test HAVE_CPU_AVX512_SKX_SUPPORT - Failed
  -- Performing Test HAVE_CXX_MAVX512F_MAVX512CD_MAVX512VL_MAVX512BW_MAVX512DQ (check file: cmake/checks/cpu_avx512skx.cpp)
  -- Performing Test HAVE_CXX_MAVX512F_MAVX512CD_MAVX512VL_MAVX512BW_MAVX512DQ - Success
  -- Performing Test HAVE_CPU_AVX512_CNL_SUPPORT (check file: cmake/checks/cpu_avx512cnl.cpp)
  -- Performing Test HAVE_CPU_AVX512_CNL_SUPPORT - Failed
  -- Performing Test HAVE_CXX_MAVX512F_MAVX512CD_MAVX512VL_MAVX512BW_MAVX512DQ_MAVX512IFMA_MAVX512VBMI (check file: cmake/checks/cpu_avx512cnl.cpp)
  -- Performing Test HAVE_CXX_MAVX512F_MAVX512CD_MAVX512VL_MAVX512BW_MAVX512DQ_MAVX512IFMA_MAVX512VBMI - Success
  -- Performing Test HAVE_CPU_AVX512_CLX_SUPPORT (check file: cmake/checks/cpu_avx512clx.cpp)
  -- Performing Test HAVE_CPU_AVX512_CLX_SUPPORT - Failed
  -- Performing Test HAVE_CXX_MAVX512F_MAVX512CD_MAVX512VL_MAVX512BW_MAVX512DQ_MAVX512VNNI (check file: cmake/checks/cpu_avx512clx.cpp)
  -- Performing Test HAVE_CXX_MAVX512F_MAVX512CD_MAVX512VL_MAVX512BW_MAVX512DQ_MAVX512VNNI - Success
  -- Performing Test HAVE_CPU_AVX512_ICL_SUPPORT (check file: cmake/checks/cpu_avx512icl.cpp)
  -- Performing Test HAVE_CPU_AVX512_ICL_SUPPORT - Failed
  -- Performing Test HAVE_CXX_MAVX512F_MAVX512CD_MAVX512VL_MAVX512BW_MAVX512DQ_MAVX512IFMA_MAVX512VBMI_MAVX512VNNI_MAVX512VBMI2_MAVX512BITALG_MAVX512VPOPCNTDQ (check file: cmake/checks/cpu_avx512icl.cpp)
  -- Performing Test HAVE_CXX_MAVX512F_MAVX512CD_MAVX512VL_MAVX512BW_MAVX512DQ_MAVX512IFMA_MAVX512VBMI_MAVX512VNNI_MAVX512VBMI2_MAVX512BITALG_MAVX512VPOPCNTDQ - Success
  -- Performing Test HAVE_CPU_BASELINE_FLAGS
  -- Performing Test HAVE_CPU_BASELINE_FLAGS - Success
  -- Performing Test HAVE_CPU_DISPATCH_FLAGS_SSE4_2
  -- Performing Test HAVE_CPU_DISPATCH_FLAGS_SSE4_2 - Success
  -- Performing Test HAVE_CPU_DISPATCH_FLAGS_AVX
  -- Performing Test HAVE_CPU_DISPATCH_FLAGS_AVX - Success
  -- Performing Test HAVE_CPU_DISPATCH_FLAGS_FP16
  -- Performing Test HAVE_CPU_DISPATCH_FLAGS_FP16 - Success
  -- Performing Test HAVE_CPU_DISPATCH_FLAGS_AVX2
  -- Performing Test HAVE_CPU_DISPATCH_FLAGS_AVX2 - Success
  -- Performing Test HAVE_CPU_DISPATCH_FLAGS_AVX512_SKX
  -- Performing Test HAVE_CPU_DISPATCH_FLAGS_AVX512_SKX - Success
  -- Performing Test HAVE_CXX_FVISIBILITY_HIDDEN
  -- Performing Test HAVE_CXX_FVISIBILITY_HIDDEN - Success
  -- Performing Test HAVE_C_FVISIBILITY_HIDDEN
  -- Performing Test HAVE_C_FVISIBILITY_HIDDEN - Success
  -- Performing Test HAVE_CXX_FVISIBILITY_INLINES_HIDDEN
  -- Performing Test HAVE_CXX_FVISIBILITY_INLINES_HIDDEN - Success
  -- Performing Test HAVE_C_FVISIBILITY_INLINES_HIDDEN
  -- Performing Test HAVE_C_FVISIBILITY_INLINES_HIDDEN - Success
  -- Performing Test HAVE_LINK_AS_NEEDED
  -- Performing Test HAVE_LINK_AS_NEEDED - Failed
  -- Performing Test HAVE_LINK_NO_UNDEFINED
  -- Performing Test HAVE_LINK_NO_UNDEFINED - Failed
  -- Looking for posix_memalign
  -- Looking for posix_memalign - found
  -- Looking for malloc.h
  -- Looking for malloc.h - not found
  -- Looking for fseeko
  -- Looking for fseeko - found
  -- Looking for unistd.h
  -- Looking for unistd.h - found
  -- Looking for sys/types.h
  -- Looking for sys/types.h - found
  -- Looking for stdint.h
  -- Looking for stdint.h - found
  -- Looking for stddef.h
  -- Looking for stddef.h - found
  -- Check size of off64_t
  -- Check size of off64_t - failed
  -- Performing Test HAVE_C_WNO_SHORTEN_64_TO_32
  -- Performing Test HAVE_C_WNO_SHORTEN_64_TO_32 - Success
  -- Performing Test HAVE_C_WNO_ATTRIBUTES
  -- Performing Test HAVE_C_WNO_ATTRIBUTES - Success
  -- Performing Test HAVE_C_WNO_STRICT_PROTOTYPES
  -- Performing Test HAVE_C_WNO_STRICT_PROTOTYPES - Success
  -- Performing Test HAVE_C_WNO_MISSING_PROTOTYPES
  -- Performing Test HAVE_C_WNO_MISSING_PROTOTYPES - Success
  -- Performing Test HAVE_C_WNO_MISSING_DECLARATIONS
  -- Performing Test HAVE_C_WNO_MISSING_DECLARATIONS - Success
  -- Performing Test HAVE_C_WNO_SHIFT_NEGATIVE_VALUE
  -- Performing Test HAVE_C_WNO_SHIFT_NEGATIVE_VALUE - Success
  -- Performing Test HAVE_C_WNO_UNDEF
  -- Performing Test HAVE_C_WNO_UNDEF - Success
  -- Performing Test HAVE_C_WNO_IMPLICIT_FALLTHROUGH
  -- Performing Test HAVE_C_WNO_IMPLICIT_FALLTHROUGH - Success
  -- Could NOT find AVIF (missing: AVIF_LIBRARY AVIF_INCLUDE_DIR)
  -- Performing Test HAVE_C_WNO_UNUSED_PARAMETER
  -- Performing Test HAVE_C_WNO_UNUSED_PARAMETER - Success
  -- Performing Test HAVE_C_WNO_SIGN_COMPARE
  -- Performing Test HAVE_C_WNO_SIGN_COMPARE - Success
  -- Performing Test HAVE_C_WNO_UNUSED_VARIABLE
  -- Performing Test HAVE_C_WNO_UNUSED_VARIABLE - Success
  -- libjpeg-turbo: VERSION = 3.0.3, BUILD = opencv-4.11.0-libjpeg-turbo
  -- Check size of size_t
  -- Check size of size_t - done
  -- Check size of unsigned long
  -- Check size of unsigned long - done
  -- Looking for include file locale.h
  -- Looking for include file locale.h - found
  -- Looking for include file stdlib.h
  -- Looking for include file stdlib.h - found
  -- Looking for include file sys/types.h
  -- Looking for include file sys/types.h - found
  -- Looking for a ASM_NASM compiler
  -- Looking for a ASM_NASM compiler - NOTFOUND
  -- SIMD extensions disabled: could not find NASM compiler.  Performance will suffer.
  -- Looking for assert.h
  -- Looking for assert.h - found
  -- Looking for dlfcn.h
  -- Looking for dlfcn.h - found
  -- Looking for fcntl.h
  -- Looking for fcntl.h - found
  -- Looking for inttypes.h
  -- Looking for inttypes.h - found
  -- Looking for io.h
  -- Looking for io.h - not found
  -- Looking for limits.h
  -- Looking for limits.h - found
  -- Looking for memory.h
  -- Looking for memory.h - found
  -- Looking for search.h
  -- Looking for search.h - found
  -- Looking for string.h
  -- Looking for string.h - found
  -- Looking for strings.h
  -- Looking for strings.h - found
  -- Looking for sys/time.h
  -- Looking for sys/time.h - found
  -- Looking for unistd.h
  -- Looking for unistd.h - found
  -- Performing Test C_HAS_inline
  -- Performing Test C_HAS_inline - Success
  -- Check size of signed short
  -- Check size of signed short - done
  -- Check size of unsigned short
  -- Check size of unsigned short - done
  -- Check size of signed int
  -- Check size of signed int - done
  -- Check size of unsigned int
  -- Check size of unsigned int - done
  -- Check size of signed long
  -- Check size of signed long - done
  -- Check size of unsigned long
  -- Check size of unsigned long - done
  -- Check size of signed long long
  -- Check size of signed long long - done
  -- Check size of unsigned long long
  -- Check size of unsigned long long - done
  -- Check size of unsigned char *
  -- Check size of unsigned char * - done
  -- Check size of size_t
  -- Check size of size_t - done
  -- Check size of ptrdiff_t
  -- Check size of ptrdiff_t - done
  -- Check size of INT8
  -- Check size of INT8 - failed
  -- Check size of INT16
  -- Check size of INT16 - failed
  -- Check size of INT32
  -- Check size of INT32 - failed
  -- Looking for floor
  -- Looking for floor - found
  -- Looking for pow
  -- Looking for pow - found
  -- Looking for sqrt
  -- Looking for sqrt - found
  -- Looking for isascii
  -- Looking for isascii - found
  -- Looking for memset
  -- Looking for memset - found
  -- Looking for mmap
  -- Looking for mmap - found
  -- Looking for getopt
  -- Looking for getopt - found
  -- Looking for memmove
  -- Looking for memmove - found
  -- Looking for setmode
  -- Looking for setmode - found
  -- Looking for strcasecmp
  -- Looking for strcasecmp - found
  -- Looking for strchr
  -- Looking for strchr - found
  -- Looking for strrchr
  -- Looking for strrchr - found
  -- Looking for strstr
  -- Looking for strstr - found
  -- Looking for strtol
  -- Looking for strtol - found
  -- Looking for strtol
  -- Looking for strtol - found
  -- Looking for strtoull
  -- Looking for strtoull - found
  -- Looking for lfind
  -- Looking for lfind - found
  -- Performing Test HAVE_C_WNO_UNUSED_BUT_SET_VARIABLE
  -- Performing Test HAVE_C_WNO_UNUSED_BUT_SET_VARIABLE - Success
  -- Performing Test HAVE_C_WNO_UNUSED
  -- Performing Test HAVE_C_WNO_UNUSED - Success
  -- Performing Test HAVE_C_WNO_CAST_ALIGN
  -- Performing Test HAVE_C_WNO_CAST_ALIGN - Success
  -- Performing Test HAVE_C_WNO_SHADOW
  -- Performing Test HAVE_C_WNO_SHADOW - Success
  -- Performing Test HAVE_C_WNO_MAYBE_UNINITIALIZED
  -- Performing Test HAVE_C_WNO_MAYBE_UNINITIALIZED - Failed
  -- Performing Test HAVE_C_WNO_POINTER_TO_INT_CAST
  -- Performing Test HAVE_C_WNO_POINTER_TO_INT_CAST - Success
  -- Performing Test HAVE_C_WNO_INT_TO_POINTER_CAST
  -- Performing Test HAVE_C_WNO_INT_TO_POINTER_CAST - Success
  -- Performing Test HAVE_C_WNO_MISLEADING_INDENTATION
  -- Performing Test HAVE_C_WNO_MISLEADING_INDENTATION - Success
  -- Performing Test HAVE_C_WNO_ARRAY_PARAMETER
  -- Performing Test HAVE_C_WNO_ARRAY_PARAMETER - Success
  -- Performing Test HAVE_CXX_WNO_MISSING_DECLARATIONS
  -- Performing Test HAVE_CXX_WNO_MISSING_DECLARATIONS - Success
  -- Performing Test HAVE_CXX_WNO_UNUSED_PARAMETER
  -- Performing Test HAVE_CXX_WNO_UNUSED_PARAMETER - Success
  -- Performing Test HAVE_CXX_WNO_MISSING_PROTOTYPES
  -- Performing Test HAVE_CXX_WNO_MISSING_PROTOTYPES - Success
  -- Performing Test HAVE_CXX_WNO_UNDEF
  -- Performing Test HAVE_CXX_WNO_UNDEF - Success
  -- Performing Test HAVE_C_WNO_UNUSED_FUNCTION
  -- Performing Test HAVE_C_WNO_UNUSED_FUNCTION - Success
  -- Could NOT find OpenJPEG (minimal suitable version: 2.0, recommended version >= 2.3.1). OpenJPEG will be built from sources
  -- Performing Test HAVE_C_WNO_IMPLICIT_CONST_INT_FLOAT_CONVERSION
  -- Performing Test HAVE_C_WNO_IMPLICIT_CONST_INT_FLOAT_CONVERSION - Success
  -- Performing Test HAVE_C_WNO_DOCUMENTATION
  -- Performing Test HAVE_C_WNO_DOCUMENTATION - Success
  -- OpenJPEG: VERSION = 2.5.0, BUILD = opencv-4.11.0-openjp2-2.5.0
  -- Looking for stdio.h
  -- Looking for stdio.h - found
  -- Looking for math.h
  -- Looking for math.h - found
  -- Looking for float.h
  -- Looking for float.h - found
  -- Looking for time.h
  -- Looking for time.h - found
  -- Looking for stdarg.h
  -- Looking for stdarg.h - found
  -- Looking for ctype.h
  -- Looking for ctype.h - found
  -- Looking for stdint.h
  -- Looking for stdint.h - found
  -- Looking for inttypes.h
  -- Looking for inttypes.h - found
  -- Looking for sys/stat.h
  -- Looking for sys/stat.h - found
  -- Looking for include file malloc.h
  -- Looking for include file malloc.h - not found
  -- Looking for _aligned_malloc
  -- Looking for _aligned_malloc - not found
  -- Looking for posix_memalign
  -- Looking for posix_memalign - found
  -- Looking for memalign
  -- Looking for memalign - not found
  -- Performing Test HAVE_C_WNO_CAST_FUNCTION_TYPE
  -- Performing Test HAVE_C_WNO_CAST_FUNCTION_TYPE - Success
  -- OpenJPEG libraries will be built from sources: libopenjp2 (version "2.5.0")
  -- Performing Test HAVE_C_WNO_NULL_POINTER_SUBTRACTION
  -- Performing Test HAVE_C_WNO_NULL_POINTER_SUBTRACTION - Success
  -- Performing Test HAVE_CXX_WNO_SHADOW
  -- Performing Test HAVE_CXX_WNO_SHADOW - Success
  -- Performing Test HAVE_CXX_WNO_UNUSED
  -- Performing Test HAVE_CXX_WNO_UNUSED - Success
  -- Performing Test HAVE_CXX_WNO_SIGN_COMPARE
  -- Performing Test HAVE_CXX_WNO_SIGN_COMPARE - Success
  -- Performing Test HAVE_CXX_WNO_UNINITIALIZED
  -- Performing Test HAVE_CXX_WNO_UNINITIALIZED - Success
  -- Performing Test HAVE_CXX_WNO_SWITCH
  -- Performing Test HAVE_CXX_WNO_SWITCH - Success
  -- Performing Test HAVE_CXX_WNO_PARENTHESES
  -- Performing Test HAVE_CXX_WNO_PARENTHESES - Success
  -- Performing Test HAVE_CXX_WNO_ARRAY_BOUNDS
  -- Performing Test HAVE_CXX_WNO_ARRAY_BOUNDS - Success
  -- Performing Test HAVE_CXX_WNO_EXTRA
  -- Performing Test HAVE_CXX_WNO_EXTRA - Success
  -- Performing Test HAVE_CXX_WNO_DEPRECATED_DECLARATIONS
  -- Performing Test HAVE_CXX_WNO_DEPRECATED_DECLARATIONS - Success
  -- Performing Test HAVE_CXX_WNO_MISLEADING_INDENTATION
  -- Performing Test HAVE_CXX_WNO_MISLEADING_INDENTATION - Success
  -- Performing Test HAVE_CXX_WNO_DEPRECATED
  -- Performing Test HAVE_CXX_WNO_DEPRECATED - Success
  -- Performing Test HAVE_CXX_WNO_SUGGEST_OVERRIDE
  -- Performing Test HAVE_CXX_WNO_SUGGEST_OVERRIDE - Success
  -- Performing Test HAVE_CXX_WNO_INCONSISTENT_MISSING_OVERRIDE
  -- Performing Test HAVE_CXX_WNO_INCONSISTENT_MISSING_OVERRIDE - Success
  -- Performing Test HAVE_CXX_WNO_IMPLICIT_FALLTHROUGH
  -- Performing Test HAVE_CXX_WNO_IMPLICIT_FALLTHROUGH - Success
  -- Performing Test HAVE_CXX_WNO_TAUTOLOGICAL_COMPARE
  -- Performing Test HAVE_CXX_WNO_TAUTOLOGICAL_COMPARE - Success
  -- Performing Test HAVE_CXX_WNO_REORDER
  -- Performing Test HAVE_CXX_WNO_REORDER - Success
  -- Performing Test HAVE_CXX_WNO_UNUSED_RESULT
  -- Performing Test HAVE_CXX_WNO_UNUSED_RESULT - Success
  -- Performing Test HAVE_CXX_WNO_IMPLICIT_CONST_INT_FLOAT_CONVERSION
  -- Performing Test HAVE_CXX_WNO_IMPLICIT_CONST_INT_FLOAT_CONVERSION - Success
  -- IPPICV: Downloading ippicv_2021.9.1_mac_intel64_20230919_general.tgz from https://raw.githubusercontent.com/opencv/opencv_3rdparty/0cc4aa06bf2bef4b05d237c69a5a96b9cd0cb85a/ippicv/ippicv_2021.9.1_mac_intel64_20230919_general.tgz
  -- found Intel IPP (ICV version): 2021.9.1 [2021.9.1]
  -- at: /private/var/folders/vs/n_g42tl14gv5gzsnhlz7znnr0000gp/T/pip-install-k047qg0h/opencv-python_a299438e84c147909ea8550d42c3e427/_skbuild/macosx-10.16-x86_64-3.9/cmake-build/3rdparty/ippicv/ippicv_mac/icv
  -- found Intel IPP Integration Wrappers sources: 2021.9.1
  -- at: /private/var/folders/vs/n_g42tl14gv5gzsnhlz7znnr0000gp/T/pip-install-k047qg0h/opencv-python_a299438e84c147909ea8550d42c3e427/_skbuild/macosx-10.16-x86_64-3.9/cmake-build/3rdparty/ippicv/ippicv_mac/iw
  -- Could not find OpenBLAS include. Turning OpenBLAS_FOUND off
  -- Could not find OpenBLAS lib. Turning OpenBLAS_FOUND off
  -- Could NOT find Atlas (missing: Atlas_CLAPACK_INCLUDE_DIR Atlas_BLAS_LIBRARY)
  -- Looking for sgemm_
  -- Looking for sgemm_ - not found
  -- Found Threads: TRUE
  -- Looking for dgemm_
  -- Looking for dgemm_ - found
  -- Found BLAS: /Library/Developer/CommandLineTools/SDKs/MacOSX15.2.sdk/System/Library/Frameworks/Accelerate.framework
  -- Looking for cheev_
  -- Looking for cheev_ - found
  -- Found LAPACK: /Library/Developer/CommandLineTools/SDKs/MacOSX15.2.sdk/System/Library/Frameworks/Accelerate.framework;-lm;-ldl
  -- LAPACK(LAPACK/Apple): LAPACK_LIBRARIES: /Library/Developer/CommandLineTools/SDKs/MacOSX15.2.sdk/System/Library/Frameworks/Accelerate.framework;-lm;-ldl
  -- Looking for Accelerate/Accelerate.h
  -- Looking for Accelerate/Accelerate.h - found
  -- Looking for Accelerate/Accelerate.h
  -- Looking for Accelerate/Accelerate.h - found
  -- LAPACK(LAPACK/Apple): Can't build LAPACK check code. This LAPACK version is not supported.
  -- LAPACK(Apple): LAPACK_LIBRARIES: -framework Accelerate
  -- Looking for Accelerate/Accelerate.h
  -- Looking for Accelerate/Accelerate.h - found
  -- Looking for Accelerate/Accelerate.h
  -- Looking for Accelerate/Accelerate.h - found
  -- LAPACK(Apple): Can't build LAPACK check code. This LAPACK version is not supported.
  -- Performing Test HAVE_CXX_WNO_UNUSED_LOCAL_TYPEDEFS
  -- Performing Test HAVE_CXX_WNO_UNUSED_LOCAL_TYPEDEFS - Success
  -- Performing Test HAVE_CXX_WNO_SIGN_PROMO
  -- Performing Test HAVE_CXX_WNO_SIGN_PROMO - Success
  -- Performing Test HAVE_CXX_WNO_TAUTOLOGICAL_UNDEFINED_COMPARE
  -- Performing Test HAVE_CXX_WNO_TAUTOLOGICAL_UNDEFINED_COMPARE - Success
  -- Performing Test HAVE_CXX_WNO_IGNORED_QUALIFIERS
  -- Performing Test HAVE_CXX_WNO_IGNORED_QUALIFIERS - Success
  -- Performing Test HAVE_CXX_WNO_UNUSED_FUNCTION
  -- Performing Test HAVE_CXX_WNO_UNUSED_FUNCTION - Success
  -- Performing Test HAVE_CXX_WNO_UNUSED_CONST_VARIABLE
  -- Performing Test HAVE_CXX_WNO_UNUSED_CONST_VARIABLE - Success
  -- Performing Test HAVE_CXX_WNO_SHORTEN_64_TO_32
  -- Performing Test HAVE_CXX_WNO_SHORTEN_64_TO_32 - Success
  -- Performing Test HAVE_CXX_WNO_INVALID_OFFSETOF
  -- Performing Test HAVE_CXX_WNO_INVALID_OFFSETOF - Success
  -- Performing Test HAVE_CXX_WNO_ENUM_COMPARE_SWITCH
  -- Performing Test HAVE_CXX_WNO_ENUM_COMPARE_SWITCH - Success
  -- Performing Test HAVE_CXX_WNO_STRINGOP_OVERFLOW
  -- Performing Test HAVE_CXX_WNO_STRINGOP_OVERFLOW - Failed
  -- Performing Test HAVE_CXX_WNO_STRINGOP_OVERREAD
  -- Performing Test HAVE_CXX_WNO_STRINGOP_OVERREAD - Failed
  -- Performing Test HAVE_CXX_WNO_EXTRA_SEMI
  -- Performing Test HAVE_CXX_WNO_EXTRA_SEMI - Success
  -- Performing Test HAVE_CXX_WNO_COMMA
  -- Performing Test HAVE_CXX_WNO_COMMA - Success
  -- Could NOT find Java (missing: Java_JAVAH_EXECUTABLE) (found version "1.8.0.441")
  -- Could NOT find JNI (missing: JAVA_INCLUDE_PATH JAVA_INCLUDE_PATH2 AWT)
  -- VTK is not found. Please set -DVTK_DIR in CMake to VTK build directory, or to VTK install subdirectory with VTKConfig.cmake file
  -- Looking for dlerror in dl
  -- Looking for dlerror in dl - found
  -- ADE: Downloading v0.1.2e.zip from https://github.com/opencv/ade/archive/v0.1.2e.zip
  -- Performing Test HAVE_CXX_WNO_DEPRECATED_COPY
  -- Performing Test HAVE_CXX_WNO_DEPRECATED_COPY - Success
  -- Checking for modules 'libavcodec;libavformat;libavutil;libswscale'
  --   Package 'libavcodec' not found
  --   Package 'libavformat' not found
  --   Package 'libavutil' not found
  --   Package 'libswscale' not found
  -- FFMPEG is disabled. Required libraries: libavcodec;libavformat;libavutil;libswscale. Missing libraries: libavcodec;libavformat;libavutil;libswscale
  -- Checking for module 'gstreamer-base-1.0'
  --   Package 'gstreamer-base-1.0' not found
  -- Checking for module 'gstreamer-app-1.0'
  --   Package 'gstreamer-app-1.0' not found
  -- Checking for module 'gstreamer-riff-1.0'
  --   Package 'gstreamer-riff-1.0' not found
  -- Checking for module 'gstreamer-pbutils-1.0'
  --   Package 'gstreamer-pbutils-1.0' not found
  -- Checking for module 'gstreamer-video-1.0'
  --   Package 'gstreamer-video-1.0' not found
  -- Checking for module 'gstreamer-audio-1.0'
  --   Package 'gstreamer-audio-1.0' not found
  -- Allocator metrics storage type: 'long long'
  -- Excluding from source files list: modules/imgproc/src/imgwarp.lasx.cpp
  -- Excluding from source files list: modules/imgproc/src/resize.lasx.cpp
  -- Registering hook 'INIT_MODULE_SOURCES_opencv_dnn': /private/var/folders/vs/n_g42tl14gv5gzsnhlz7znnr0000gp/T/pip-install-k047qg0h/opencv-python_a299438e84c147909ea8550d42c3e427/opencv/modules/dnn/cmake/hooks/INIT_MODULE_SOURCES_opencv_dnn.cmake
  -- opencv_dnn: filter out ocl4dnn source code
  -- opencv_dnn: filter out cuda4dnn source code
  -- Excluding from source files list: <BUILD>/modules/dnn/layers/layers_common.rvv.cpp
  -- Excluding from source files list: <BUILD>/modules/dnn/layers/layers_common.lasx.cpp
  -- Excluding from source files list: <BUILD>/modules/dnn/int8layers/layers_common.rvv.cpp
  -- Excluding from source files list: <BUILD>/modules/dnn/int8layers/layers_common.lasx.cpp
  -- Excluding from source files list: <BUILD>/modules/dnn/layers/cpu_kernels/conv_block.neon.cpp
  -- Excluding from source files list: <BUILD>/modules/dnn/layers/cpu_kernels/conv_block.neon_fp16.cpp
  -- Excluding from source files list: <BUILD>/modules/dnn/layers/cpu_kernels/conv_depthwise.rvv.cpp
  -- Excluding from source files list: <BUILD>/modules/dnn/layers/cpu_kernels/conv_depthwise.lasx.cpp
  -- Excluding from source files list: <BUILD>/modules/dnn/layers/cpu_kernels/fast_gemm_kernels.neon.cpp
  -- Excluding from source files list: <BUILD>/modules/dnn/layers/cpu_kernels/fast_gemm_kernels.lasx.cpp
  -- imgcodecs: OpenEXR codec is disabled in runtime. Details: https://github.com/opencv/opencv/issues/21326
  -- Performing Test HAVE_CXX_FOBJC_EXCEPTIONS
  -- Performing Test HAVE_CXX_FOBJC_EXCEPTIONS - Success
  -- highgui: using builtin backend: COCOA
  -- Use autogenerated whitelist /private/var/folders/vs/n_g42tl14gv5gzsnhlz7znnr0000gp/T/pip-install-k047qg0h/opencv-python_a299438e84c147909ea8550d42c3e427/_skbuild/macosx-10.16-x86_64-3.9/cmake-build/modules/js_bindings_generator/whitelist.json
  -- Found 'misc' Python modules from /private/var/folders/vs/n_g42tl14gv5gzsnhlz7znnr0000gp/T/pip-install-k047qg0h/opencv-python_a299438e84c147909ea8550d42c3e427/opencv/modules/python/package/extra_modules
  -- Found 'mat_wrapper;utils' Python modules from /private/var/folders/vs/n_g42tl14gv5gzsnhlz7znnr0000gp/T/pip-install-k047qg0h/opencv-python_a299438e84c147909ea8550d42c3e427/opencv/modules/core/misc/python/package
  -- Found 'gapi' Python modules from /private/var/folders/vs/n_g42tl14gv5gzsnhlz7znnr0000gp/T/pip-install-k047qg0h/opencv-python_a299438e84c147909ea8550d42c3e427/opencv/modules/gapi/misc/python/package
  -- Performing Test HAVE_CXX_WNO_OVERLOADED_VIRTUAL
  -- Performing Test HAVE_CXX_WNO_OVERLOADED_VIRTUAL - Success
  -- Performing Test HAVE_CXX_WNO_UNUSED_PRIVATE_FIELD
  -- Performing Test HAVE_CXX_WNO_UNUSED_PRIVATE_FIELD - Success
  -- Found 'misc' Python modules from /private/var/folders/vs/n_g42tl14gv5gzsnhlz7znnr0000gp/T/pip-install-k047qg0h/opencv-python_a299438e84c147909ea8550d42c3e427/opencv/modules/python/package/extra_modules
  -- Found 'mat_wrapper;utils' Python modules from /private/var/folders/vs/n_g42tl14gv5gzsnhlz7znnr0000gp/T/pip-install-k047qg0h/opencv-python_a299438e84c147909ea8550d42c3e427/opencv/modules/core/misc/python/package
  -- Found 'gapi' Python modules from /private/var/folders/vs/n_g42tl14gv5gzsnhlz7znnr0000gp/T/pip-install-k047qg0h/opencv-python_a299438e84c147909ea8550d42c3e427/opencv/modules/gapi/misc/python/package
  --
  -- General configuration for OpenCV 4.11.0 =====================================
  --   Version control:               unknown
  --
  --   Platform:
  --     Timestamp:                   2025-02-22T01:20:52Z
  --     Host:                        Darwin 24.3.0 x86_64
  --     CMake:                       3.27.1
  --     CMake generator:             Unix Makefiles
  --     CMake build tool:            /usr/bin/make
  --     Configuration:               Release
  --     Algorithm Hint:              ALGO_HINT_ACCURATE
  --
  --   CPU/HW features:
  --     Baseline:                    SSE SSE2 SSE3 SSSE3 SSE4_1
  --       requested:                 DETECT
  --     Dispatched code generation:  SSE4_2 AVX FP16 AVX2 AVX512_SKX
  --       requested:                 SSE4_1 SSE4_2 AVX FP16 AVX2 AVX512_SKX
  --       SSE4_2 (1 files):          + POPCNT SSE4_2
  --       AVX (8 files):             + POPCNT SSE4_2 AVX
  --       FP16 (0 files):            + POPCNT SSE4_2 AVX FP16
  --       AVX2 (36 files):           + POPCNT SSE4_2 AVX FP16 AVX2 FMA3
  --       AVX512_SKX (5 files):      + POPCNT SSE4_2 AVX FP16 AVX2 FMA3 AVX_512F AVX512_COMMON AVX512_SKX
  --
  --   C/C++:
  --     Built as dynamic libs?:      NO
  --     C++ standard:                11
  --     C++ Compiler:                /Library/Developer/CommandLineTools/usr/bin/c++  (ver 16.0.0.16000026)
  --     C++ flags (Release):         -fsigned-char -W -Wall -Wreturn-type -Wnon-virtual-dtor -Waddress -Wsequence-point -Wformat -Wformat-security -Wmissing-declarations -Wmissing-prototypes -Wstrict-prototypes -Wundef -Winit-self -Wpointer-arith -Wshadow -Wsign-promo -Wuninitialized -Wno-delete-non-virtual-dtor -Wno-unnamed-type-template-args -Wno-comment -fdiagnostics-show-option -Qunused-arguments -Wno-semicolon-before-method-body -ffunction-sections -fdata-sections  -fvisibility=hidden -fvisibility-inlines-hidden -Wno-deprecated-copy -O3 -DNDEBUG  -DNDEBUG
  --     C++ flags (Debug):           -fsigned-char -W -Wall -Wreturn-type -Wnon-virtual-dtor -Waddress -Wsequence-point -Wformat -Wformat-security -Wmissing-declarations -Wmissing-prototypes -Wstrict-prototypes -Wundef -Winit-self -Wpointer-arith -Wshadow -Wsign-promo -Wuninitialized -Wno-delete-non-virtual-dtor -Wno-unnamed-type-template-args -Wno-comment -fdiagnostics-show-option -Qunused-arguments -Wno-semicolon-before-method-body -ffunction-sections -fdata-sections  -fvisibility=hidden -fvisibility-inlines-hidden -Wno-deprecated-copy -g  -O0 -DDEBUG -D_DEBUG
  --     C Compiler:                  /Library/Developer/CommandLineTools/usr/bin/cc
  --     C flags (Release):           -fsigned-char -W -Wall -Wreturn-type -Wnon-virtual-dtor -Waddress -Wsequence-point -Wformat -Wformat-security -Wmissing-declarations -Wmissing-prototypes -Wstrict-prototypes -Wundef -Winit-self -Wpointer-arith -Wshadow -Wsign-promo -Wuninitialized -Wno-delete-non-virtual-dtor -Wno-unnamed-type-template-args -Wno-comment -fdiagnostics-show-option -Qunused-arguments -Wno-semicolon-before-method-body -ffunction-sections -fdata-sections  -fvisibility=hidden -fvisibility-inlines-hidden -O3 -DNDEBUG  -DNDEBUG
  --     C flags (Debug):             -fsigned-char -W -Wall -Wreturn-type -Wnon-virtual-dtor -Waddress -Wsequence-point -Wformat -Wformat-security -Wmissing-declarations -Wmissing-prototypes -Wstrict-prototypes -Wundef -Winit-self -Wpointer-arith -Wshadow -Wsign-promo -Wuninitialized -Wno-delete-non-virtual-dtor -Wno-unnamed-type-template-args -Wno-comment -fdiagnostics-show-option -Qunused-arguments -Wno-semicolon-before-method-body -ffunction-sections -fdata-sections  -fvisibility=hidden -fvisibility-inlines-hidden -g  -O0 -DDEBUG -D_DEBUG
  --     Linker flags (Release):      -Wl,-dead_strip
  --     Linker flags (Debug):        -Wl,-dead_strip
  --     ccache:                      NO
  --     Precompiled headers:         NO
  --     Extra dependencies:          -framework OpenCL -framework Cocoa -framework AppKit
  --     3rdparty dependencies:       libprotobuf ade ittnotify libjpeg-turbo libwebp libpng libtiff libopenjp2 IlmImf zlib ippiw ippicv
  --
  --   OpenCV modules:
  --     To be built:                 calib3d core dnn features2d flann gapi highgui imgcodecs imgproc ml objdetect photo python3 stitching video videoio
  --     Disabled:                    world
  --     Disabled by dependency:      -
  --     Unavailable:                 java python2 ts
  --     Applications:                -
  --     Documentation:               NO
  --     Non-free algorithms:         NO
  --
  --   GUI:                           COCOA
  --     Cocoa:                       YES
  --     VTK support:                 NO
  --
  --   Media I/O:
  --     ZLib:                        build (ver 1.3.1)
  --     JPEG:                        build-libjpeg-turbo (ver 3.0.3-70)
  --       SIMD Support Request:      YES
  --       SIMD Support:              NO
  --     WEBP:                        build (ver decoder: 0x0209, encoder: 0x020f, demux: 0x0107)
  --     AVIF:                        NO
  --     PNG:                         build (ver 1.6.43)
  --       SIMD Support Request:      YES
  --       SIMD Support:              YES (Intel SSE)
  --     TIFF:                        build (ver 42 - 4.6.0)
  --     JPEG 2000:                   build (ver 2.5.0)
  --     OpenEXR:                     build (ver 2.3.0)
  --     GIF:                         NO
  --     HDR:                         YES
  --     SUNRASTER:                   YES
  --     PXM:                         YES
  --     PFM:                         YES
  --
  --   Video I/O:
  --     FFMPEG:                      NO
  --       avcodec:                   NO
  --       avformat:                  NO
  --       avutil:                    NO
  --       swscale:                   NO
  --       avresample:                NO
  --     GStreamer:                   NO
  --     AVFoundation:                YES
  --
  --   Parallel framework:            GCD
  --
  --   Trace:                         YES (with Intel ITT)
  --
  --   Other third-party libraries:
  --     Intel IPP:                   2021.9.1 [2021.9.1]
  --            at:                   /private/var/folders/vs/n_g42tl14gv5gzsnhlz7znnr0000gp/T/pip-install-k047qg0h/opencv-python_a299438e84c147909ea8550d42c3e427/_skbuild/macosx-10.16-x86_64-3.9/cmake-build/3rdparty/ippicv/ippicv_mac/icv
  --     Intel IPP IW:                sources (2021.9.1)
  --               at:                /private/var/folders/vs/n_g42tl14gv5gzsnhlz7znnr0000gp/T/pip-install-k047qg0h/opencv-python_a299438e84c147909ea8550d42c3e427/_skbuild/macosx-10.16-x86_64-3.9/cmake-build/3rdparty/ippicv/ippicv_mac/iw
  --     Lapack:                      NO
  --     Eigen:                       NO
  --     Custom HAL:                  NO
  --     Protobuf:                    build (3.19.1)
  --     Flatbuffers:                 builtin/3rdparty (23.5.9)
  --
  --   OpenCL:                        YES (no extra features)
  --     Include path:                NO
  --     Link libraries:              -framework OpenCL
  --
  --   Python 3:
  --     Interpreter:                 /Users/enzo/trading_env/bin/python3 (ver 3.9.7)
  --     Libraries:                   /Library/Frameworks/Python.framework/Versions/3.9/lib/libpython3.9.dylib (ver 3.9.7)
  --     Limited API:                 YES (ver 0x03060000)
  --     numpy:                       /private/var/folders/vs/n_g42tl14gv5gzsnhlz7znnr0000gp/T/pip-build-env-785s_dn4/overlay/lib/python3.9/site-packages/numpy/_core/include (ver 2.0.2)
  --     install path:                python/cv2/python-3
  --
  --   Python (for build):            /Users/enzo/trading_env/bin/python3
  --
  --   Java:
  --     ant:                         NO
  --     Java:                        NO
  --     JNI:                         NO
  --     Java wrappers:               NO
  --     Java tests:                  NO
  --
  --   Install to:                    /private/var/folders/vs/n_g42tl14gv5gzsnhlz7znnr0000gp/T/pip-install-k047qg0h/opencv-python_a299438e84c147909ea8550d42c3e427/_skbuild/macosx-10.16-x86_64-3.9/cmake-install
  -- -----------------------------------------------------------------
  --
  -- Configuring done (97.5s)
  -- Generating done (0.8s)
  -- Build files have been written to: /private/var/folders/vs/n_g42tl14gv5gzsnhlz7znnr0000gp/T/pip-install-k047qg0h/opencv-python_a299438e84c147909ea8550d42c3e427/_skbuild/macosx-10.16-x86_64-3.9/cmake-build
  [  0%] Built target opencv_dnn_plugins
  [  0%] Built target opencv_highgui_plugins
  [  0%] Building C object 3rdparty/libjpeg-turbo/CMakeFiles/jpeg12-static.dir/src/jcapistd.c.o
  [  1%] Building C object 3rdparty/libjpeg-turbo/CMakeFiles/jpeg12-static.dir/src/jccolor.c.o
  [  1%] Building C object 3rdparty/libjpeg-turbo/CMakeFiles/jpeg12-static.dir/src/jcdiffct.c.o
  [  1%] Building C object 3rdparty/libjpeg-turbo/CMakeFiles/jpeg12-static.dir/src/jclossls.c.o
  [  1%] Building C object 3rdparty/libjpeg-turbo/CMakeFiles/jpeg12-static.dir/src/jcmainct.c.o
  [  1%] Building C object 3rdparty/libjpeg-turbo/CMakeFiles/jpeg12-static.dir/src/jcprepct.c.o
  [  1%] Building C object 3rdparty/libjpeg-turbo/CMakeFiles/jpeg12-static.dir/src/jcsample.c.o
  [  1%] Building C object 3rdparty/libjpeg-turbo/CMakeFiles/jpeg12-static.dir/src/jdapistd.c.o
  [  1%] Building C object 3rdparty/libjpeg-turbo/CMakeFiles/jpeg12-static.dir/src/jdcolor.c.o
  [  1%] Building C object 3rdparty/libjpeg-turbo/CMakeFiles/jpeg12-static.dir/src/jddiffct.c.o
  [  1%] Building C object 3rdparty/libjpeg-turbo/CMakeFiles/jpeg12-static.dir/src/jdlossls.c.o
  [  1%] Building C object 3rdparty/libjpeg-turbo/CMakeFiles/jpeg12-static.dir/src/jdmainct.c.o
  [  1%] Building C object 3rdparty/libjpeg-turbo/CMakeFiles/jpeg12-static.dir/src/jdpostct.c.o
  [  1%] Building C object 3rdparty/libjpeg-turbo/CMakeFiles/jpeg12-static.dir/src/jdsample.c.o
  [  2%] Building C object 3rdparty/libjpeg-turbo/CMakeFiles/jpeg12-static.dir/src/jutils.c.o
  [  2%] Building C object 3rdparty/libjpeg-turbo/CMakeFiles/jpeg12-static.dir/src/jccoefct.c.o
  [  2%] Building C object 3rdparty/libjpeg-turbo/CMakeFiles/jpeg12-static.dir/src/jcdctmgr.c.o
  [  2%] Building C object 3rdparty/libjpeg-turbo/CMakeFiles/jpeg12-static.dir/src/jdcoefct.c.o
  [  2%] Building C object 3rdparty/libjpeg-turbo/CMakeFiles/jpeg12-static.dir/src/jddctmgr.c.o
  [  2%] Building C object 3rdparty/libjpeg-turbo/CMakeFiles/jpeg12-static.dir/src/jdmerge.c.o
  [  2%] Building C object 3rdparty/libjpeg-turbo/CMakeFiles/jpeg12-static.dir/src/jfdctfst.c.o
  [  2%] Building C object 3rdparty/libjpeg-turbo/CMakeFiles/jpeg12-static.dir/src/jfdctint.c.o
  [  2%] Building C object 3rdparty/libjpeg-turbo/CMakeFiles/jpeg12-static.dir/src/jidctflt.c.o
  [  2%] Building C object 3rdparty/libjpeg-turbo/CMakeFiles/jpeg12-static.dir/src/jidctfst.c.o
  [  2%] Building C object 3rdparty/libjpeg-turbo/CMakeFiles/jpeg12-static.dir/src/jidctint.c.o
  [  2%] Building C object 3rdparty/libjpeg-turbo/CMakeFiles/jpeg12-static.dir/src/jidctred.c.o
  [  3%] Building C object 3rdparty/libjpeg-turbo/CMakeFiles/jpeg12-static.dir/src/jquant1.c.o
  [  3%] Building C object 3rdparty/libjpeg-turbo/CMakeFiles/jpeg12-static.dir/src/jquant2.c.o
  [  3%] Built target jpeg12-static
  [  3%] Building C object 3rdparty/libjpeg-turbo/CMakeFiles/jpeg16-static.dir/src/jcapistd.c.o
  [  3%] Building C object 3rdparty/libjpeg-turbo/CMakeFiles/jpeg16-static.dir/src/jccolor.c.o
  [  3%] Building C object 3rdparty/libjpeg-turbo/CMakeFiles/jpeg16-static.dir/src/jcdiffct.c.o
  [  3%] Building C object 3rdparty/libjpeg-turbo/CMakeFiles/jpeg16-static.dir/src/jclossls.c.o
  [  3%] Building C object 3rdparty/libjpeg-turbo/CMakeFiles/jpeg16-static.dir/src/jcmainct.c.o
  [  3%] Building C object 3rdparty/libjpeg-turbo/CMakeFiles/jpeg16-static.dir/src/jcprepct.c.o
  [  3%] Building C object 3rdparty/libjpeg-turbo/CMakeFiles/jpeg16-static.dir/src/jcsample.c.o
  [  3%] Building C object 3rdparty/libjpeg-turbo/CMakeFiles/jpeg16-static.dir/src/jdapistd.c.o
  [  3%] Building C object 3rdparty/libjpeg-turbo/CMakeFiles/jpeg16-static.dir/src/jdcolor.c.o
  [  3%] Building C object 3rdparty/libjpeg-turbo/CMakeFiles/jpeg16-static.dir/src/jddiffct.c.o
  [  3%] Building C object 3rdparty/libjpeg-turbo/CMakeFiles/jpeg16-static.dir/src/jdlossls.c.o
  [  4%] Building C object 3rdparty/libjpeg-turbo/CMakeFiles/jpeg16-static.dir/src/jdmainct.c.o
  [  4%] Building C object 3rdparty/libjpeg-turbo/CMakeFiles/jpeg16-static.dir/src/jdpostct.c.o
  [  4%] Building C object 3rdparty/libjpeg-turbo/CMakeFiles/jpeg16-static.dir/src/jdsample.c.o
  [  4%] Building C object 3rdparty/libjpeg-turbo/CMakeFiles/jpeg16-static.dir/src/jutils.c.o
  [  4%] Built target jpeg16-static
  [  4%] Building C object 3rdparty/libjpeg-turbo/CMakeFiles/libjpeg-turbo.dir/src/jcapistd.c.o
  [  4%] Building C object 3rdparty/libjpeg-turbo/CMakeFiles/libjpeg-turbo.dir/src/jccolor.c.o
  [  4%] Building C object 3rdparty/libjpeg-turbo/CMakeFiles/libjpeg-turbo.dir/src/jcdiffct.c.o
  [  4%] Building C object 3rdparty/libjpeg-turbo/CMakeFiles/libjpeg-turbo.dir/src/jclossls.c.o
  [  4%] Building C object 3rdparty/libjpeg-turbo/CMakeFiles/libjpeg-turbo.dir/src/jcmainct.c.o
  [  4%] Building C object 3rdparty/libjpeg-turbo/CMakeFiles/libjpeg-turbo.dir/src/jcprepct.c.o
  [  4%] Building C object 3rdparty/libjpeg-turbo/CMakeFiles/libjpeg-turbo.dir/src/jcsample.c.o
  [  4%] Building C object 3rdparty/libjpeg-turbo/CMakeFiles/libjpeg-turbo.dir/src/jdapistd.c.o
  [  4%] Building C object 3rdparty/libjpeg-turbo/CMakeFiles/libjpeg-turbo.dir/src/jdcolor.c.o
  [  5%] Building C object 3rdparty/libjpeg-turbo/CMakeFiles/libjpeg-turbo.dir/src/jddiffct.c.o
  [  5%] Building C object 3rdparty/libjpeg-turbo/CMakeFiles/libjpeg-turbo.dir/src/jdlossls.c.o
  [  5%] Building C object 3rdparty/libjpeg-turbo/CMakeFiles/libjpeg-turbo.dir/src/jdmainct.c.o
  [  5%] Building C object 3rdparty/libjpeg-turbo/CMakeFiles/libjpeg-turbo.dir/src/jdpostct.c.o
  [  5%] Building C object 3rdparty/libjpeg-turbo/CMakeFiles/libjpeg-turbo.dir/src/jdsample.c.o
  [  5%] Building C object 3rdparty/libjpeg-turbo/CMakeFiles/libjpeg-turbo.dir/src/jutils.c.o
  [  5%] Building C object 3rdparty/libjpeg-turbo/CMakeFiles/libjpeg-turbo.dir/src/jccoefct.c.o
  [  5%] Building C object 3rdparty/libjpeg-turbo/CMakeFiles/libjpeg-turbo.dir/src/jcdctmgr.c.o
  [  5%] Building C object 3rdparty/libjpeg-turbo/CMakeFiles/libjpeg-turbo.dir/src/jdcoefct.c.o
  [  5%] Building C object 3rdparty/libjpeg-turbo/CMakeFiles/libjpeg-turbo.dir/src/jddctmgr.c.o
  [  5%] Building C object 3rdparty/libjpeg-turbo/CMakeFiles/libjpeg-turbo.dir/src/jdmerge.c.o
  [  5%] Building C object 3rdparty/libjpeg-turbo/CMakeFiles/libjpeg-turbo.dir/src/jfdctfst.c.o
  [  6%] Building C object 3rdparty/libjpeg-turbo/CMakeFiles/libjpeg-turbo.dir/src/jfdctint.c.o
  [  6%] Building C object 3rdparty/libjpeg-turbo/CMakeFiles/libjpeg-turbo.dir/src/jidctflt.c.o
  [  6%] Building C object 3rdparty/libjpeg-turbo/CMakeFiles/libjpeg-turbo.dir/src/jidctfst.c.o
  [  6%] Building C object 3rdparty/libjpeg-turbo/CMakeFiles/libjpeg-turbo.dir/src/jidctint.c.o
  [  6%] Building C object 3rdparty/libjpeg-turbo/CMakeFiles/libjpeg-turbo.dir/src/jidctred.c.o
  [  6%] Building C object 3rdparty/libjpeg-turbo/CMakeFiles/libjpeg-turbo.dir/src/jquant1.c.o
  [  6%] Building C object 3rdparty/libjpeg-turbo/CMakeFiles/libjpeg-turbo.dir/src/jquant2.c.o
  [  6%] Building C object 3rdparty/libjpeg-turbo/CMakeFiles/libjpeg-turbo.dir/src/jcapimin.c.o
  [  6%] Building C object 3rdparty/libjpeg-turbo/CMakeFiles/libjpeg-turbo.dir/src/jchuff.c.o
  [  6%] Building C object 3rdparty/libjpeg-turbo/CMakeFiles/libjpeg-turbo.dir/src/jcicc.c.o
  [  6%] Building C object 3rdparty/libjpeg-turbo/CMakeFiles/libjpeg-turbo.dir/src/jcinit.c.o
  [  6%] Building C object 3rdparty/libjpeg-turbo/CMakeFiles/libjpeg-turbo.dir/src/jclhuff.c.o
  [  6%] Building C object 3rdparty/libjpeg-turbo/CMakeFiles/libjpeg-turbo.dir/src/jcmarker.c.o
  [  7%] Building C object 3rdparty/libjpeg-turbo/CMakeFiles/libjpeg-turbo.dir/src/jcmaster.c.o
  [  7%] Building C object 3rdparty/libjpeg-turbo/CMakeFiles/libjpeg-turbo.dir/src/jcomapi.c.o
  [  7%] Building C object 3rdparty/libjpeg-turbo/CMakeFiles/libjpeg-turbo.dir/src/jcparam.c.o
  [  7%] Building C object 3rdparty/libjpeg-turbo/CMakeFiles/libjpeg-turbo.dir/src/jcphuff.c.o
  [  7%] Building C object 3rdparty/libjpeg-turbo/CMakeFiles/libjpeg-turbo.dir/src/jctrans.c.o
  [  7%] Building C object 3rdparty/libjpeg-turbo/CMakeFiles/libjpeg-turbo.dir/src/jdapimin.c.o
  [  7%] Building C object 3rdparty/libjpeg-turbo/CMakeFiles/libjpeg-turbo.dir/src/jdatadst.c.o
  [  7%] Building C object 3rdparty/libjpeg-turbo/CMakeFiles/libjpeg-turbo.dir/src/jdatasrc.c.o
  [  7%] Building C object 3rdparty/libjpeg-turbo/CMakeFiles/libjpeg-turbo.dir/src/jdhuff.c.o
  [  7%] Building C object 3rdparty/libjpeg-turbo/CMakeFiles/libjpeg-turbo.dir/src/jdicc.c.o
  [  7%] Building C object 3rdparty/libjpeg-turbo/CMakeFiles/libjpeg-turbo.dir/src/jdinput.c.o
  [  7%] Building C object 3rdparty/libjpeg-turbo/CMakeFiles/libjpeg-turbo.dir/src/jdlhuff.c.o
  [  7%] Building C object 3rdparty/libjpeg-turbo/CMakeFiles/libjpeg-turbo.dir/src/jdmarker.c.o
  [  8%] Building C object 3rdparty/libjpeg-turbo/CMakeFiles/libjpeg-turbo.dir/src/jdmaster.c.o
  [  8%] Building C object 3rdparty/libjpeg-turbo/CMakeFiles/libjpeg-turbo.dir/src/jdphuff.c.o
  [  8%] Building C object 3rdparty/libjpeg-turbo/CMakeFiles/libjpeg-turbo.dir/src/jdtrans.c.o
  [  8%] Building C object 3rdparty/libjpeg-turbo/CMakeFiles/libjpeg-turbo.dir/src/jerror.c.o
  [  8%] Building C object 3rdparty/libjpeg-turbo/CMakeFiles/libjpeg-turbo.dir/src/jfdctflt.c.o
  [  8%] Building C object 3rdparty/libjpeg-turbo/CMakeFiles/libjpeg-turbo.dir/src/jmemmgr.c.o
  [  8%] Building C object 3rdparty/libjpeg-turbo/CMakeFiles/libjpeg-turbo.dir/src/jmemnobs.c.o
  [  8%] Building C object 3rdparty/libjpeg-turbo/CMakeFiles/libjpeg-turbo.dir/src/jpeg_nbits.c.o
  [  8%] Building C object 3rdparty/libjpeg-turbo/CMakeFiles/libjpeg-turbo.dir/src/jaricom.c.o
  [  8%] Building C object 3rdparty/libjpeg-turbo/CMakeFiles/libjpeg-turbo.dir/src/jcarith.c.o
  [  8%] Building C object 3rdparty/libjpeg-turbo/CMakeFiles/libjpeg-turbo.dir/src/jdarith.c.o
  [  8%] Linking C static library ../lib/liblibjpeg-turbo.a
  [  8%] Built target libjpeg-turbo
  [  8%] Building C object 3rdparty/openjpeg/openjp2/CMakeFiles/libopenjp2.dir/thread.c.o
  [  9%] Building C object 3rdparty/openjpeg/openjp2/CMakeFiles/libopenjp2.dir/bio.c.o
  [  9%] Building C object 3rdparty/openjpeg/openjp2/CMakeFiles/libopenjp2.dir/cio.c.o
  [  9%] Building C object 3rdparty/openjpeg/openjp2/CMakeFiles/libopenjp2.dir/dwt.c.o
  [  9%] Building C object 3rdparty/openjpeg/openjp2/CMakeFiles/libopenjp2.dir/event.c.o
  [  9%] Building C object 3rdparty/openjpeg/openjp2/CMakeFiles/libopenjp2.dir/ht_dec.c.o
  [  9%] Building C object 3rdparty/openjpeg/openjp2/CMakeFiles/libopenjp2.dir/image.c.o
  [  9%] Building C object 3rdparty/openjpeg/openjp2/CMakeFiles/libopenjp2.dir/invert.c.o
  [  9%] Building C object 3rdparty/openjpeg/openjp2/CMakeFiles/libopenjp2.dir/j2k.c.o
  [  9%] Building C object 3rdparty/openjpeg/openjp2/CMakeFiles/libopenjp2.dir/jp2.c.o
  [  9%] Building C object 3rdparty/openjpeg/openjp2/CMakeFiles/libopenjp2.dir/mct.c.o
  [  9%] Building C object 3rdparty/openjpeg/openjp2/CMakeFiles/libopenjp2.dir/mqc.c.o
  [  9%] Building C object 3rdparty/openjpeg/openjp2/CMakeFiles/libopenjp2.dir/openjpeg.c.o
  [ 10%] Building C object 3rdparty/openjpeg/openjp2/CMakeFiles/libopenjp2.dir/opj_clock.c.o
  [ 10%] Building C object 3rdparty/openjpeg/openjp2/CMakeFiles/libopenjp2.dir/pi.c.o
  [ 10%] Building C object 3rdparty/openjpeg/openjp2/CMakeFiles/libopenjp2.dir/t1.c.o
  [ 10%] Building C object 3rdparty/openjpeg/openjp2/CMakeFiles/libopenjp2.dir/t2.c.o
  [ 10%] Building C object 3rdparty/openjpeg/openjp2/CMakeFiles/libopenjp2.dir/tcd.c.o
  [ 10%] Building C object 3rdparty/openjpeg/openjp2/CMakeFiles/libopenjp2.dir/tgt.c.o
  [ 10%] Building C object 3rdparty/openjpeg/openjp2/CMakeFiles/libopenjp2.dir/function_list.c.o
  [ 10%] Building C object 3rdparty/openjpeg/openjp2/CMakeFiles/libopenjp2.dir/opj_malloc.c.o
  [ 10%] Building C object 3rdparty/openjpeg/openjp2/CMakeFiles/libopenjp2.dir/sparse_array.c.o
  [ 10%] Linking C static library ../../lib/liblibopenjp2.a
  [ 10%] Built target libopenjp2
  [ 10%] Built target opencv_videoio_plugins
  [ 10%] Building C object 3rdparty/ittnotify/CMakeFiles/ittnotify.dir/src/ittnotify/ittnotify_static.c.o
  [ 10%] Building C object 3rdparty/ittnotify/CMakeFiles/ittnotify.dir/src/ittnotify/jitprofiling.c.o
  [ 10%] Linking C static library ../lib/libittnotify.a
  [ 10%] Built target ittnotify
  [ 10%] Building C object 3rdparty/zlib/CMakeFiles/zlib.dir/adler32.c.o
  [ 10%] Building C object 3rdparty/zlib/CMakeFiles/zlib.dir/compress.c.o
  [ 10%] Building C object 3rdparty/zlib/CMakeFiles/zlib.dir/crc32.c.o
  [ 11%] Building C object 3rdparty/zlib/CMakeFiles/zlib.dir/deflate.c.o
  [ 11%] Building C object 3rdparty/zlib/CMakeFiles/zlib.dir/gzclose.c.o
  [ 11%] Building C object 3rdparty/zlib/CMakeFiles/zlib.dir/gzlib.c.o
  [ 11%] Building C object 3rdparty/zlib/CMakeFiles/zlib.dir/gzread.c.o
  [ 11%] Building C object 3rdparty/zlib/CMakeFiles/zlib.dir/gzwrite.c.o
  [ 11%] Building C object 3rdparty/zlib/CMakeFiles/zlib.dir/inflate.c.o
  [ 11%] Building C object 3rdparty/zlib/CMakeFiles/zlib.dir/infback.c.o
  [ 11%] Building C object 3rdparty/zlib/CMakeFiles/zlib.dir/inftrees.c.o
  [ 11%] Building C object 3rdparty/zlib/CMakeFiles/zlib.dir/inffast.c.o
  [ 11%] Building C object 3rdparty/zlib/CMakeFiles/zlib.dir/trees.c.o
  [ 11%] Building C object 3rdparty/zlib/CMakeFiles/zlib.dir/uncompr.c.o
  [ 11%] Building C object 3rdparty/zlib/CMakeFiles/zlib.dir/zutil.c.o
  [ 12%] Linking C static library ../lib/libzlib.a
  [ 12%] Built target zlib
  [ 12%] Building C object 3rdparty/ippiw/CMakeFiles/ippiw.dir/src/iw_core.c.o
  [ 12%] Building C object 3rdparty/ippiw/CMakeFiles/ippiw.dir/src/iw_image.c.o
  [ 12%] Building C object 3rdparty/ippiw/CMakeFiles/ippiw.dir/src/iw_image_color_convert_all.c.o
  [ 12%] Building C object 3rdparty/ippiw/CMakeFiles/ippiw.dir/src/iw_image_color_convert_rgbs.c.o
  [ 12%] Building C object 3rdparty/ippiw/CMakeFiles/ippiw.dir/src/iw_image_filter_bilateral.c.o
  [ 12%] Building C object 3rdparty/ippiw/CMakeFiles/ippiw.dir/src/iw_image_filter_box.c.o
  [ 13%] Building C object 3rdparty/ippiw/CMakeFiles/ippiw.dir/src/iw_image_filter_canny.c.o
  [ 13%] Building C object 3rdparty/ippiw/CMakeFiles/ippiw.dir/src/iw_image_filter_gaussian.c.o
  [ 13%] Building C object 3rdparty/ippiw/CMakeFiles/ippiw.dir/src/iw_image_filter_general.c.o
  [ 13%] Building C object 3rdparty/ippiw/CMakeFiles/ippiw.dir/src/iw_image_filter_laplacian.c.o
  [ 13%] Building C object 3rdparty/ippiw/CMakeFiles/ippiw.dir/src/iw_image_filter_morphology.c.o
  [ 13%] Building C object 3rdparty/ippiw/CMakeFiles/ippiw.dir/src/iw_image_filter_scharr.c.o
  [ 13%] Building C object 3rdparty/ippiw/CMakeFiles/ippiw.dir/src/iw_image_filter_sobel.c.o
  [ 13%] Building C object 3rdparty/ippiw/CMakeFiles/ippiw.dir/src/iw_image_op_copy.c.o
  [ 13%] Building C object 3rdparty/ippiw/CMakeFiles/ippiw.dir/src/iw_image_op_copy_channel.c.o
  [ 13%] Building C object 3rdparty/ippiw/CMakeFiles/ippiw.dir/src/iw_image_op_copy_make_border.c.o
  [ 13%] Building C object 3rdparty/ippiw/CMakeFiles/ippiw.dir/src/iw_image_op_copy_merge.c.o
  [ 13%] Building C object 3rdparty/ippiw/CMakeFiles/ippiw.dir/src/iw_image_op_copy_split.c.o
  [ 13%] Building C object 3rdparty/ippiw/CMakeFiles/ippiw.dir/src/iw_image_op_scale.c.o
  [ 14%] Building C object 3rdparty/ippiw/CMakeFiles/ippiw.dir/src/iw_image_op_set.c.o
  [ 14%] Building C object 3rdparty/ippiw/CMakeFiles/ippiw.dir/src/iw_image_op_set_channel.c.o
  [ 14%] Building C object 3rdparty/ippiw/CMakeFiles/ippiw.dir/src/iw_image_op_swap_channels.c.o
  [ 14%] Building C object 3rdparty/ippiw/CMakeFiles/ippiw.dir/src/iw_image_transform_mirror.c.o
  [ 14%] Building C object 3rdparty/ippiw/CMakeFiles/ippiw.dir/src/iw_image_transform_resize.c.o
  [ 14%] Building C object 3rdparty/ippiw/CMakeFiles/ippiw.dir/src/iw_image_transform_rotate.c.o
  [ 14%] Building C object 3rdparty/ippiw/CMakeFiles/ippiw.dir/src/iw_image_transform_warpaffine.c.o
  [ 14%] Building C object 3rdparty/ippiw/CMakeFiles/ippiw.dir/src/iw_own.c.o
  [ 14%] Linking C static library ../lib/libippiw.a
  [ 14%] Built target ippiw
  [ 14%] Processing OpenCL kernels (core)
  [ 14%] Building CXX object modules/core/CMakeFiles/opencv_core.dir/src/algorithm.cpp.o
  In file included from /private/var/folders/vs/n_g42tl14gv5gzsnhlz7znnr0000gp/T/pip-install-k047qg0h/opencv-python_a299438e84c147909ea8550d42c3e427/opencv/modules/core/src/algorithm.cpp:43:
  In file included from /private/var/folders/vs/n_g42tl14gv5gzsnhlz7znnr0000gp/T/pip-install-k047qg0h/opencv-python_a299438e84c147909ea8550d42c3e427/opencv/modules/core/src/precomp.hpp:53:
  In file included from /private/var/folders/vs/n_g42tl14gv5gzsnhlz7znnr0000gp/T/pip-install-k047qg0h/opencv-python_a299438e84c147909ea8550d42c3e427/opencv/modules/core/include/opencv2/core/utility.hpp:56:
  In file included from /private/var/folders/vs/n_g42tl14gv5gzsnhlz7znnr0000gp/T/pip-install-k047qg0h/opencv-python_a299438e84c147909ea8550d42c3e427/opencv/modules/core/include/opencv2/core.hpp:52:
  /private/var/folders/vs/n_g42tl14gv5gzsnhlz7znnr0000gp/T/pip-install-k047qg0h/opencv-python_a299438e84c147909ea8550d42c3e427/opencv/modules/core/include/opencv2/core/cvdef.h:185:10: fatal error: 'limits' file not found
    185 | #include <limits>
        |          ^~~~~~~~
  1 error generated.
  make[2]: *** [modules/core/CMakeFiles/opencv_core.dir/src/algorithm.cpp.o] Error 1
  make[1]: *** [modules/core/CMakeFiles/opencv_core.dir/all] Error 2
  make: *** [all] Error 2
  Traceback (most recent call last):
    File "/private/var/folders/vs/n_g42tl14gv5gzsnhlz7znnr0000gp/T/pip-build-env-785s_dn4/overlay/lib/python3.9/site-packages/skbuild/setuptools_wrap.py", line 668, in setup
      cmkr.make(make_args, install_target=cmake_install_target, env=env)
    File "/private/var/folders/vs/n_g42tl14gv5gzsnhlz7znnr0000gp/T/pip-build-env-785s_dn4/overlay/lib/python3.9/site-packages/skbuild/cmaker.py", line 696, in make
      self.make_impl(clargs=clargs, config=config, source_dir=source_dir, install_target=install_target, env=env)
    File "/private/var/folders/vs/n_g42tl14gv5gzsnhlz7znnr0000gp/T/pip-build-env-785s_dn4/overlay/lib/python3.9/site-packages/skbuild/cmaker.py", line 741, in make_impl
      raise SKBuildError(msg)
  
  An error occurred while building with CMake.
    Command:
      /usr/local/bin/cmake --build . --target install --config Release --
    Install target:
      install
    Source directory:
      /private/var/folders/vs/n_g42tl14gv5gzsnhlz7znnr0000gp/T/pip-install-k047qg0h/opencv-python_a299438e84c147909ea8550d42c3e427
    Working directory:
      /private/var/folders/vs/n_g42tl14gv5gzsnhlz7znnr0000gp/T/pip-install-k047qg0h/opencv-python_a299438e84c147909ea8550d42c3e427/_skbuild/macosx-10.16-x86_64-3.9/cmake-build
  Please check the install target is valid and see CMake's output for more information.
  
  ----------------------------------------
  ERROR: Failed building wheel for opencv-python
Failed to build opencv-python
ERROR: Could not build wheels for opencv-python which use PEP 517 and cannot be installed directly
WARNING: You are using pip version 21.2.3; however, version 25.0.1 is available.
You should consider upgrading via the '/Users/enzo/trading_env/bin/python3 -m pip install --upgrade pip' command.
